# JRE version: Java(TM) SE Runtime Environment (21.0.2+13) (build 21.0.2+13-LTS-58)
# Java VM: Java HotSpot(TM) 64-Bit Server VM (21.0.2+13-LTS-58, mixed mode, sharing, tiered, compressed oops, compressed class ptrs, g1 gc, windows-amd64)
GC Precious Log:
 CardTable entry size: 512
 Card Set container configuration: InlinePtr #cards 5 size 8 Array Of Cards #cards 12 size 40 Howl #buckets 4 coarsen threshold 1843 Howl Bitmap #cards 512 size 80 coarsen threshold 460 Card regions per heap region 1 cards per card region 2048
 CPUs: 12 total, 12 available
 Memory: 7930M
 Large Page Support: Disabled
 NUMA Support: Disabled
 Compressed Oops: Enabled (32-bit)
 Heap Region Size: 1M
 Heap Min Capacity: 8M
 Heap Initial Capacity: 124M
 Heap Max Capacity: 1984M
 Pre-touch: Disabled
 Parallel Workers: 10
 Concurrent Workers: 3
 Concurrent Refinement Workers: 10
 Periodic GC: Disabled
Heap:
 garbage-first heap   total 103424K, used 34572K [0x0000000084000000, 0x0000000100000000)
  region size 1024K, 14 young (14336K), 6 survivors (6144K)
 Metaspace       used 42180K, committed 42688K, reserved 1114112K
  class space    used 4941K, committed 5184K, reserved 1048576K
GC Heap History (20 events):
Event: 6.853 GC heap before
{Heap before GC invocations=5 (full 0):
 garbage-first heap   total 126976K, used 29647K [0x0000000084000000, 0x0000000100000000)
  region size 1024K, 19 young (19456K), 7 survivors (7168K)
 Metaspace       used 21098K, committed 21504K, reserved 1114112K
  class space    used 2470K, committed 2688K, reserved 1048576K
}
Event: 6.857 GC heap after
{Heap after GC invocations=6 (full 0):
 garbage-first heap   total 126976K, used 19273K [0x0000000084000000, 0x0000000100000000)
  region size 1024K, 4 young (4096K), 4 survivors (4096K)
 Metaspace       used 21098K, committed 21504K, reserved 1114112K
  class space    used 2470K, committed 2688K, reserved 1048576K
}
Event: 7.047 GC heap before
{Heap before GC invocations=7 (full 0):
 garbage-first heap   total 71680K, used 69449K [0x0000000084000000, 0x0000000100000000)
  region size 1024K, 54 young (55296K), 4 survivors (4096K)
 Metaspace       used 23594K, committed 23936K, reserved 1114112K
  class space    used 2769K, committed 2944K, reserved 1048576K
}
Event: 7.052 GC heap after
{Heap after GC invocations=8 (full 0):
 garbage-first heap   total 75776K, used 19574K [0x0000000084000000, 0x0000000100000000)
  region size 1024K, 4 young (4096K), 4 survivors (4096K)
 Metaspace       used 23594K, committed 23936K, reserved 1114112K
  class space    used 2769K, committed 2944K, reserved 1048576K
}
Event: 7.323 GC heap before
{Heap before GC invocations=8 (full 0):
 garbage-first heap   total 75776K, used 59510K [0x0000000084000000, 0x0000000100000000)
  region size 1024K, 44 young (45056K), 4 survivors (4096K)
 Metaspace       used 25795K, committed 26176K, reserved 1114112K
  class space    used 3091K, committed 3264K, reserved 1048576K
}
Event: 7.327 GC heap after
{Heap after GC invocations=9 (full 0):
 garbage-first heap   total 75776K, used 20095K [0x0000000084000000, 0x0000000100000000)
  region size 1024K, 2 young (2048K), 2 survivors (2048K)
 Metaspace       used 25795K, committed 26176K, reserved 1114112K
  class space    used 3091K, committed 3264K, reserved 1048576K
}
Event: 7.476 GC heap before
{Heap before GC invocations=9 (full 0):
 garbage-first heap   total 75776K, used 62079K [0x0000000084000000, 0x0000000100000000)
  region size 1024K, 44 young (45056K), 2 survivors (2048K)
 Metaspace       used 27653K, committed 28096K, reserved 1114112K
  class space    used 3235K, committed 3456K, reserved 1048576K
}
Event: 7.478 GC heap after
{Heap after GC invocations=10 (full 0):
 garbage-first heap   total 91136K, used 20901K [0x0000000084000000, 0x0000000100000000)
  region size 1024K, 3 young (3072K), 3 survivors (3072K)
 Metaspace       used 27653K, committed 28096K, reserved 1114112K
  class space    used 3235K, committed 3456K, reserved 1048576K
}
Event: 7.624 GC heap before
{Heap before GC invocations=10 (full 0):
 garbage-first heap   total 91136K, used 71077K [0x0000000084000000, 0x0000000100000000)
  region size 1024K, 53 young (54272K), 3 survivors (3072K)
 Metaspace       used 29657K, committed 30144K, reserved 1114112K
  class space    used 3425K, committed 3648K, reserved 1048576K
}
Event: 7.626 GC heap after
{Heap after GC invocations=11 (full 0):
 garbage-first heap   total 91136K, used 21360K [0x0000000084000000, 0x0000000100000000)
  region size 1024K, 4 young (4096K), 4 survivors (4096K)
 Metaspace       used 29657K, committed 30144K, reserved 1114112K
  class space    used 3425K, committed 3648K, reserved 1048576K
}
Event: 7.777 GC heap before
{Heap before GC invocations=11 (full 0):
 garbage-first heap   total 91136K, used 71536K [0x0000000084000000, 0x0000000100000000)
  region size 1024K, 53 young (54272K), 4 survivors (4096K)
 Metaspace       used 31607K, committed 32000K, reserved 1114112K
  class space    used 3646K, committed 3840K, reserved 1048576K
}
Event: 7.780 GC heap after
{Heap after GC invocations=12 (full 0):
 garbage-first heap   total 91136K, used 22595K [0x0000000084000000, 0x0000000100000000)
  region size 1024K, 5 young (5120K), 5 survivors (5120K)
 Metaspace       used 31607K, committed 32000K, reserved 1114112K
  class space    used 3646K, committed 3840K, reserved 1048576K
}
Event: 9.032 GC heap before
{Heap before GC invocations=12 (full 0):
 garbage-first heap   total 91136K, used 71747K [0x0000000084000000, 0x0000000100000000)
  region size 1024K, 53 young (54272K), 5 survivors (5120K)
 Metaspace       used 34195K, committed 34624K, reserved 1114112K
  class space    used 3976K, committed 4160K, reserved 1048576K
}
Event: 9.037 GC heap after
{Heap after GC invocations=13 (full 0):
 garbage-first heap   total 91136K, used 23940K [0x0000000084000000, 0x0000000100000000)
  region size 1024K, 5 young (5120K), 5 survivors (5120K)
 Metaspace       used 34195K, committed 34624K, reserved 1114112K
  class space    used 3976K, committed 4160K, reserved 1048576K
}
Event: 9.210 GC heap before
{Heap before GC invocations=13 (full 0):
 garbage-first heap   total 91136K, used 54660K [0x0000000084000000, 0x0000000100000000)
  region size 1024K, 36 young (36864K), 5 survivors (5120K)
 Metaspace       used 35621K, committed 35968K, reserved 1114112K
  class space    used 4128K, committed 4288K, reserved 1048576K
}
Event: 9.216 GC heap after
{Heap after GC invocations=14 (full 0):
 garbage-first heap   total 91136K, used 24423K [0x0000000084000000, 0x0000000100000000)
  region size 1024K, 4 young (4096K), 4 survivors (4096K)
 Metaspace       used 35621K, committed 35968K, reserved 1114112K
  class space    used 4128K, committed 4288K, reserved 1048576K
}
Event: 9.610 GC heap before
{Heap before GC invocations=15 (full 0):
 garbage-first heap   total 86016K, used 74599K [0x0000000084000000, 0x0000000100000000)
  region size 1024K, 53 young (54272K), 4 survivors (4096K)
 Metaspace       used 38012K, committed 38464K, reserved 1114112K
  class space    used 4419K, committed 4608K, reserved 1048576K
}
Event: 9.615 GC heap after
{Heap after GC invocations=16 (full 0):
 garbage-first heap   total 103424K, used 25323K [0x0000000084000000, 0x0000000100000000)
  region size 1024K, 5 young (5120K), 5 survivors (5120K)
 Metaspace       used 38012K, committed 38464K, reserved 1114112K
  class space    used 4419K, committed 4608K, reserved 1048576K
}
Event: 10.009 GC heap before
{Heap before GC invocations=16 (full 0):
 garbage-first heap   total 103424K, used 81643K [0x0000000084000000, 0x0000000100000000)
  region size 1024K, 60 young (61440K), 5 survivors (5120K)
 Metaspace       used 41700K, committed 42240K, reserved 1114112K
  class space    used 4888K, committed 5120K, reserved 1048576K
}
Event: 10.018 GC heap after
{Heap after GC invocations=17 (full 0):
 garbage-first heap   total 103424K, used 27404K [0x0000000084000000, 0x0000000100000000)
  region size 1024K, 6 young (6144K), 6 survivors (6144K)
 Metaspace       used 41700K, committed 42240K, reserved 1114112K
  class space    used 4888K, committed 5120K, reserved 1048576K
}

